<?xml version="1.0" encoding="UTF-8"?>
<!-- Generated by org.testng.reporters.JUnitReportReporter -->
<testsuite hostname="LAPTOP-LD9E33NK" failures="0" tests="1" name="cucumberOptions.TestNGRunner" time="0.126" errors="0" timestamp="2024-01-05T23:46:15 IST" skipped="0">
  <testcase classname="cucumberOptions.TestNGRunner" name="runScenario" time="0.126"/>
  <system-out/>
</testsuite> <!-- cucumberOptions.TestNGRunner -->
