<?xml version="1.0" encoding="UTF-8"?>
<!-- Generated by org.testng.reporters.JUnitReportReporter -->
<testsuite hostname="LAPTOP-LD9E33NK" failures="0" tests="1" name="SumValidation" time="1.895" errors="0" timestamp="2025-07-21T01:46:19 IST" skipped="0">
  <testcase classname="SumValidation" name="sumOfCourses" time="1.895"/>
  <system-out/>
</testsuite> <!-- SumValidation -->
