<?xml version="1.0" encoding="UTF-8"?>
<!-- Generated by org.testng.reporters.JUnitReportReporter -->
<testsuite hostname="LAPTOP-LD9E33NK" failures="0" tests="1" name="varunpatil.ExtendReport.ExtentReport.ExtentReportDemo" time="13.603" errors="0" timestamp="2023-01-14T12:33:11 IST" skipped="0">
  <testcase classname="varunpatil.ExtendReport.ExtentReport.ExtentReportDemo" name="initialDemo" time="13.603"/>
  <system-out/>
</testsuite> <!-- varunpatil.ExtendReport.ExtentReport.ExtentReportDemo -->
