<?xml version="1.0" encoding="UTF-8"?>
<!-- Generated by org.testng.reporters.JUnitReportReporter -->
<testsuite hostname="LAPTOP-LD9E33NK" failures="0" tests="3" name="Test.Day4" time="0.012" errors="0" timestamp="2022-12-01T12:22:53 IST" skipped="0">
  <testcase classname="Test.Day4" name="SomeTest" time="0.003"/>
  <system-out/>
  <testcase classname="Test.Day4" name="SomeData" time="0.008"/>
  <system-out/>
  <testcase classname="Test.Day4" name="SomeThing" time="0.001"/>
  <system-out/>
</testsuite> <!-- Test.Day4 -->
