<?xml version="1.0" encoding="UTF-8"?>
<!-- Generated by org.testng.reporters.JUnitReportReporter -->
<testsuite hostname="LAPTOP-LD9E33NK" failures="0" tests="2" name="Test.Test1" time="0.003" errors="0" timestamp="2022-11-26T23:01:46 IST" skipped="0">
  <testcase classname="Test.Test1" name="Demo" time="0.001"/>
  <system-out/>
  <testcase classname="Test.Test1" name="Varun" time="0.002"/>
  <system-out/>
</testsuite> <!-- Test.Test1 -->
