<?xml version="1.0" encoding="UTF-8"?>
<!-- Generated by org.testng.reporters.JUnitReportReporter -->
<testsuite hostname="LAPTOP-LD9E33NK" failures="0" tests="2" name="Test.Day1" time="0.002" errors="0" timestamp="2022-12-01T12:22:53 IST" skipped="0">
  <testcase classname="Test.Day1" name="Varun" time="0.001"/>
  <system-out/>
  <testcase classname="Test.Day1" name="Demo" time="0.001"/>
  <system-out/>
</testsuite> <!-- Test.Day1 -->
