<?xml version="1.0" encoding="UTF-8"?>
<!-- Generated by org.testng.reporters.JUnitReportReporter -->
<testsuite hostname="LAPTOP-LD9E33NK" failures="0" tests="2" name="Test.Day2" time="0.010" errors="0" timestamp="2022-12-01T12:22:53 IST" skipped="0">
  <testcase classname="Test.Day2" name="Day2" time="0.008"/>
  <system-out/>
  <testcase classname="Test.Day2" name="Day1" time="0.002"/>
  <system-out/>
</testsuite> <!-- Test.Day2 -->
