<?xml version="1.0" encoding="UTF-8"?>
<!-- Generated by org.testng.reporters.JUnitReportReporter -->
<testsuite hostname="LAPTOP-LD9E33NK" failures="0" tests="3" name="Test.Day3" time="0.009" errors="0" timestamp="2022-12-01T12:22:53 IST" skipped="0">
  <testcase classname="Test.Day3" name="WebLoginHome" time="0.001"/>
  <system-out/>
  <testcase classname="Test.Day3" name="LoginAPIHomeLoan" time="0.001"/>
  <system-out/>
  <testcase classname="Test.Day3" name="MobileLoginHomeLoan" time="0.007"/>
  <system-out/>
</testsuite> <!-- Test.Day3 -->
